<?xml version="1.0" encoding="UTF-8"?>
<!-- Generated by org.testng.reporters.JUnitReportReporter -->
<testsuite hostname="DESKTOP-N7VUTHA" failures="0" tests="4" name="com.orangehrm.tests.LoginPageTest" time="18.547" errors="0" timestamp="2024-09-16T13:44:28 IST" skipped="0">
  <testcase classname="com.orangehrm.tests.LoginPageTest" name="verifyCurrentUrl" time="2.107"/>
  <system-out/>
  <testcase classname="com.orangehrm.tests.LoginPageTest" name="verifyTitle" time="2.071"/>
  <system-out/>
  <testcase classname="com.orangehrm.tests.LoginPageTest" name="logintest" time="12.385"/>
  <system-out/>
  <testcase classname="com.orangehrm.tests.LoginPageTest" name="verifyLoginSuccessefull" time="1.984"/>
  <system-out/>
</testsuite> <!-- com.orangehrm.tests.LoginPageTest -->
